2017-08-16 09:04:07 | ERROR | main       | dline.csv.CsvHandler:111   | Impossible to Connect to SPS
java.net.ConnectException: Connection timed out: connect
	at java.net.DualStackPlainSocketImpl.connect0(Native Method) ~[?:1.8.0_131]
	at java.net.DualStackPlainSocketImpl.socketConnect(DualStackPlainSocketImpl.java:79) ~[?:1.8.0_131]
	at java.net.AbstractPlainSocketImpl.doConnect(AbstractPlainSocketImpl.java:350) ~[?:1.8.0_131]
	at java.net.AbstractPlainSocketImpl.connectToAddress(AbstractPlainSocketImpl.java:206) ~[?:1.8.0_131]
	at java.net.AbstractPlainSocketImpl.connect(AbstractPlainSocketImpl.java:188) ~[?:1.8.0_131]
	at java.net.PlainSocketImpl.connect(PlainSocketImpl.java:172) ~[?:1.8.0_131]
	at java.net.SocksSocketImpl.connect(SocksSocketImpl.java:392) ~[?:1.8.0_131]
	at java.net.Socket.connect(Socket.java:589) ~[?:1.8.0_131]
	at java.net.Socket.connect(Socket.java:538) ~[?:1.8.0_131]
	at java.net.Socket.<init>(Socket.java:434) ~[?:1.8.0_131]
	at java.net.Socket.<init>(Socket.java:211) ~[?:1.8.0_131]
	at de.re.easymodbus.modbusclient.ModbusClient.Connect(ModbusClient.java:88) ~[EasyModbusJavaClient.jar:?]
	at cmdline.csv.CsvHandler.setFileCsv(CsvHandler.java:79) [main/:?]
	at cmdline.csv.ApplicationCsv.init(ApplicationCsv.java:64) [main/:?]
	at cmdline.csv.ApplicationCsv.<init>(ApplicationCsv.java:37) [main/:?]
	at cmdline.csv.ApplicationCsv.main(ApplicationCsv.java:32) [main/:?]
2017-08-16 09:04:29 | ERROR | main       | dline.csv.CsvHandler:119   | Impossible to connect to East
java.net.ConnectException: Connection timed out: connect
	at java.net.DualStackPlainSocketImpl.connect0(Native Method) ~[?:1.8.0_131]
	at java.net.DualStackPlainSocketImpl.socketConnect(DualStackPlainSocketImpl.java:79) ~[?:1.8.0_131]
	at java.net.AbstractPlainSocketImpl.doConnect(AbstractPlainSocketImpl.java:350) ~[?:1.8.0_131]
	at java.net.AbstractPlainSocketImpl.connectToAddress(AbstractPlainSocketImpl.java:206) ~[?:1.8.0_131]
	at java.net.AbstractPlainSocketImpl.connect(AbstractPlainSocketImpl.java:188) ~[?:1.8.0_131]
	at java.net.PlainSocketImpl.connect(PlainSocketImpl.java:172) ~[?:1.8.0_131]
	at java.net.SocksSocketImpl.connect(SocksSocketImpl.java:392) ~[?:1.8.0_131]
	at java.net.Socket.connect(Socket.java:589) ~[?:1.8.0_131]
	at java.net.Socket.connect(Socket.java:538) ~[?:1.8.0_131]
	at java.net.Socket.<init>(Socket.java:434) ~[?:1.8.0_131]
	at java.net.Socket.<init>(Socket.java:211) ~[?:1.8.0_131]
	at de.re.easymodbus.modbusclient.ModbusClient.Connect(ModbusClient.java:88) ~[EasyModbusJavaClient.jar:?]
	at cmdline.csv.CsvHandler.setFileCsv(CsvHandler.java:115) [main/:?]
	at cmdline.csv.ApplicationCsv.init(ApplicationCsv.java:64) [main/:?]
	at cmdline.csv.ApplicationCsv.<init>(ApplicationCsv.java:37) [main/:?]
	at cmdline.csv.ApplicationCsv.main(ApplicationCsv.java:32) [main/:?]
